[2013-11-21 12:23:38] INFO  WEBrick 1.3.1
[2013-11-21 12:23:38] INFO  ruby 1.9.3 (2013-06-27) [x86_64-darwin12.4.0]
[2013-11-21 12:23:38] INFO  WEBrick::HTTPServer#start: pid=1637 port=3000
[2013-11-21 12:23:45] WARN  Could not determine content-length of response body. Set content-length of the response or set Response#chunked = true
[2013-11-21 12:23:45] WARN  Could not determine content-length of response body. Set content-length of the response or set Response#chunked = true
[2013-11-21 12:23:45] WARN  Could not determine content-length of response body. Set content-length of the response or set Response#chunked = true
[2013-11-21 12:23:45] WARN  Could not determine content-length of response body. Set content-length of the response or set Response#chunked = true
[2013-11-21 12:23:45] WARN  Could not determine content-length of response body. Set content-length of the response or set Response#chunked = true
[2013-11-21 12:23:49] WARN  Could not determine content-length of response body. Set content-length of the response or set Response#chunked = true
[2013-11-21 12:23:49] WARN  Could not determine content-length of response body. Set content-length of the response or set Response#chunked = true
[2013-11-21 12:23:49] WARN  Could not determine content-length of response body. Set content-length of the response or set Response#chunked = true
[2013-11-21 12:23:49] WARN  Could not determine content-length of response body. Set content-length of the response or set Response#chunked = true
[2013-11-21 12:23:49] WARN  Could not determine content-length of response body. Set content-length of the response or set Response#chunked = true
[2013-11-21 12:23:50] WARN  Could not determine content-length of response body. Set content-length of the response or set Response#chunked = true
[2013-11-21 12:23:50] WARN  Could not determine content-length of response body. Set content-length of the response or set Response#chunked = true
[2013-11-21 12:23:50] WARN  Could not determine content-length of response body. Set content-length of the response or set Response#chunked = true
[2013-11-21 12:23:50] WARN  Could not determine content-length of response body. Set content-length of the response or set Response#chunked = true
[2013-11-21 12:23:50] WARN  Could not determine content-length of response body. Set content-length of the response or set Response#chunked = true
[2013-11-21 12:23:51] WARN  Could not determine content-length of response body. Set content-length of the response or set Response#chunked = true
[2013-11-21 12:23:51] WARN  Could not determine content-length of response body. Set content-length of the response or set Response#chunked = true
[2013-11-21 12:23:51] WARN  Could not determine content-length of response body. Set content-length of the response or set Response#chunked = true
[2013-11-21 12:23:51] WARN  Could not determine content-length of response body. Set content-length of the response or set Response#chunked = true
[2013-11-21 12:23:51] WARN  Could not determine content-length of response body. Set content-length of the response or set Response#chunked = true
[2013-11-21 12:23:51] WARN  Could not determine content-length of response body. Set content-length of the response or set Response#chunked = true
[2013-11-21 12:23:51] WARN  Could not determine content-length of response body. Set content-length of the response or set Response#chunked = true
[2013-11-21 12:23:51] WARN  Could not determine content-length of response body. Set content-length of the response or set Response#chunked = true
[2013-11-21 12:23:51] WARN  Could not determine content-length of response body. Set content-length of the response or set Response#chunked = true
[2013-11-21 12:23:52] WARN  Could not determine content-length of response body. Set content-length of the response or set Response#chunked = true
[2013-11-21 12:23:52] WARN  Could not determine content-length of response body. Set content-length of the response or set Response#chunked = true
[2013-11-21 12:23:52] WARN  Could not determine content-length of response body. Set content-length of the response or set Response#chunked = true
[2013-11-21 12:23:52] WARN  Could not determine content-length of response body. Set content-length of the response or set Response#chunked = true
[2013-11-21 12:23:52] WARN  Could not determine content-length of response body. Set content-length of the response or set Response#chunked = true
[2013-11-21 12:23:52] WARN  Could not determine content-length of response body. Set content-length of the response or set Response#chunked = true
[2013-11-21 12:23:52] WARN  Could not determine content-length of response body. Set content-length of the response or set Response#chunked = true
[2013-11-21 12:23:52] WARN  Could not determine content-length of response body. Set content-length of the response or set Response#chunked = true
[2013-11-21 12:23:52] WARN  Could not determine content-length of response body. Set content-length of the response or set Response#chunked = true
[2013-11-21 12:23:53] WARN  Could not determine content-length of response body. Set content-length of the response or set Response#chunked = true
[2013-11-21 12:25:06] WARN  Could not determine content-length of response body. Set content-length of the response or set Response#chunked = true
[2013-11-21 12:25:07] WARN  Could not determine content-length of response body. Set content-length of the response or set Response#chunked = true
[2013-11-21 12:25:07] WARN  Could not determine content-length of response body. Set content-length of the response or set Response#chunked = true
[2013-11-21 12:25:07] WARN  Could not determine content-length of response body. Set content-length of the response or set Response#chunked = true
[2013-11-21 12:25:07] WARN  Could not determine content-length of response body. Set content-length of the response or set Response#chunked = true
[2013-11-21 12:25:07] WARN  Could not determine content-length of response body. Set content-length of the response or set Response#chunked = true
[2013-11-21 12:25:07] WARN  Could not determine content-length of response body. Set content-length of the response or set Response#chunked = true
[2013-11-21 12:25:07] WARN  Could not determine content-length of response body. Set content-length of the response or set Response#chunked = true
[2013-11-21 12:25:07] WARN  Could not determine content-length of response body. Set content-length of the response or set Response#chunked = true
[2013-11-21 12:25:07] WARN  Could not determine content-length of response body. Set content-length of the response or set Response#chunked = true
[2013-11-21 12:25:07] WARN  Could not determine content-length of response body. Set content-length of the response or set Response#chunked = true
[2013-11-21 12:25:07] WARN  Could not determine content-length of response body. Set content-length of the response or set Response#chunked = true
[2013-11-21 12:25:07] WARN  Could not determine content-length of response body. Set content-length of the response or set Response#chunked = true
[2013-11-21 12:25:08] WARN  Could not determine content-length of response body. Set content-length of the response or set Response#chunked = true
[2013-11-21 12:25:08] WARN  Could not determine content-length of response body. Set content-length of the response or set Response#chunked = true
[2013-11-21 12:25:08] WARN  Could not determine content-length of response body. Set content-length of the response or set Response#chunked = true
[2013-11-21 12:25:08] WARN  Could not determine content-length of response body. Set content-length of the response or set Response#chunked = true
[2013-11-21 12:25:08] WARN  Could not determine content-length of response body. Set content-length of the response or set Response#chunked = true
[2013-11-21 12:25:39] INFO  WEBrick 1.3.1
[2013-11-21 12:25:39] INFO  ruby 1.9.3 (2013-06-27) [x86_64-darwin12.4.0]
[2013-11-21 12:25:39] INFO  WEBrick::HTTPServer#start: pid=1752 port=3000
[2013-11-21 12:25:43] INFO  going to shutdown ...
[2013-11-21 12:25:43] INFO  WEBrick::HTTPServer#start done.
=> Booting WEBrick
=> Rails 3.2.13 application starting in development on http://0.0.0.0:3000
=> Call with -d to detach
=> Ctrl-C to shutdown server
Exiting
[2013-11-21 12:26:05] INFO  WEBrick 1.3.1
[2013-11-21 12:26:05] INFO  ruby 1.9.3 (2013-06-27) [x86_64-darwin12.4.0]
[2013-11-21 12:26:05] INFO  WEBrick::HTTPServer#start: pid=1758 port=3000
